<?xml version="1.0" encoding="UTF-8"?>
<testng-results ignored="0" total="1" passed="1" failed="0" skipped="0">
  <reporter-output>
  </reporter-output>
  <suite started-at="2023-07-25T22:04:48 IST" name="Default suite" finished-at="2023-07-25T22:05:05 IST" duration-ms="16753">
    <groups>
    </groups>
    <test started-at="2023-07-25T22:04:48 IST" name="Default test" finished-at="2023-07-25T22:05:05 IST" duration-ms="16753">
      <class name="MobileAutomation.AppiumBasics">
        <test-method is-config="true" signature="configureAppium()[pri:0, instance:MobileAutomation.AppiumBasics@74ea2410]" started-at="2023-07-25T22:04:48 IST" name="configureAppium" finished-at="2023-07-25T22:04:58 IST" duration-ms="10271" status="PASS">
          <reporter-output>
          </reporter-output>
        </test-method> <!-- configureAppium -->
        <test-method signature="WifiSettingsName()[pri:0, instance:MobileAutomation.AppiumBasics@74ea2410]" started-at="2023-07-25T22:04:58 IST" name="WifiSettingsName" finished-at="2023-07-25T22:05:04 IST" duration-ms="5736" status="PASS">
          <reporter-output>
          </reporter-output>
        </test-method> <!-- WifiSettingsName -->
        <test-method is-config="true" signature="tearDown()[pri:0, instance:MobileAutomation.AppiumBasics@74ea2410]" started-at="2023-07-25T22:05:04 IST" name="tearDown" finished-at="2023-07-25T22:05:05 IST" duration-ms="678" status="PASS">
          <reporter-output>
          </reporter-output>
        </test-method> <!-- tearDown -->
      </class> <!-- MobileAutomation.AppiumBasics -->
    </test> <!-- Default test -->
  </suite> <!-- Default suite -->
</testng-results>
