<?xml version="1.0" encoding="UTF-8"?>
<testng-results ignored="0" total="1" passed="1" failed="0" skipped="0">
  <reporter-output>
  </reporter-output>
  <suite started-at="2023-07-24T20:56:28 IST" name="Default suite" finished-at="2023-07-24T20:56:39 IST" duration-ms="11524">
    <groups>
    </groups>
    <test started-at="2023-07-24T20:56:28 IST" name="Default test" finished-at="2023-07-24T20:56:39 IST" duration-ms="11524">
      <class name="MobileAutomation.AppiumBasics">
        <test-method is-config="true" signature="configureAppium()[pri:0, instance:MobileAutomation.AppiumBasics@74ea2410]" started-at="2023-07-24T20:56:28 IST" name="configureAppium" finished-at="2023-07-24T20:56:38 IST" duration-ms="10052" status="PASS">
          <reporter-output>
          </reporter-output>
        </test-method> <!-- configureAppium -->
        <test-method signature="WifiSettingsName()[pri:0, instance:MobileAutomation.AppiumBasics@74ea2410]" started-at="2023-07-24T20:56:38 IST" name="WifiSettingsName" finished-at="2023-07-24T20:56:39 IST" duration-ms="982" status="PASS">
          <reporter-output>
          </reporter-output>
        </test-method> <!-- WifiSettingsName -->
        <test-method is-config="true" signature="tearDown()[pri:0, instance:MobileAutomation.AppiumBasics@74ea2410]" started-at="2023-07-24T20:56:39 IST" name="tearDown" finished-at="2023-07-24T20:56:39 IST" duration-ms="397" status="PASS">
          <reporter-output>
          </reporter-output>
        </test-method> <!-- tearDown -->
      </class> <!-- MobileAutomation.AppiumBasics -->
    </test> <!-- Default test -->
  </suite> <!-- Default suite -->
</testng-results>
